<?xml version="1.0" encoding="UTF-8"?>
<!-- Generated by org.testng.reporters.JUnitReportReporter -->
<testsuite hostname="LAPTOP-TINQNFE1" failures="0" tests="3" name="testRunner.TestNGRunner" time="3.132" errors="0" timestamp="2023-05-31T21:37:59 EDT" skipped="0">
  <testcase classname="testRunner.TestNGRunner" name="runScenario" time="2.109"/>
  <system-out/>
  <testcase classname="testRunner.TestNGRunner" name="runScenario" time="0.348"/>
  <system-out/>
  <testcase classname="testRunner.TestNGRunner" name="runScenario" time="0.675"/>
  <system-out/>
</testsuite> <!-- testRunner.TestNGRunner -->
